<?xml version="1.0" encoding="UTF-8" ?>
<testsuite failures="0" time="0.01" errors="0" skipped="0" tests="3" name="org.sercho.masp.context.providers.location.VectorTest">
  <properties>
    <property name="java.runtime.name" value="Java(TM) SE Runtime Environment"/>
    <property name="sun.boot.library.path" value="H:\Java\jdk1.6.0_32\jre\bin"/>
    <property name="java.vm.version" value="20.7-b02"/>
    <property name="java.vm.vendor" value="Sun Microsystems Inc."/>
    <property name="java.vendor.url" value="http://java.sun.com/"/>
    <property name="path.separator" value=";"/>
    <property name="java.vm.name" value="Java HotSpot(TM) Client VM"/>
    <property name="file.encoding.pkg" value="sun.io"/>
    <property name="user.country" value="DE"/>
    <property name="sun.java.launcher" value="SUN_STANDARD"/>
    <property name="sun.os.patch.level" value="Service Pack 1"/>
    <property name="java.vm.specification.name" value="Java Virtual Machine Specification"/>
    <property name="user.dir" value="G:\Java\ContextModel"/>
    <property name="java.runtime.version" value="1.6.0_32-b05"/>
    <property name="java.awt.graphicsenv" value="sun.awt.Win32GraphicsEnvironment"/>
    <property name="basedir" value="G:\Java\ContextModel"/>
    <property name="java.endorsed.dirs" value="H:\Java\jdk1.6.0_32\jre\lib\endorsed"/>
    <property name="os.arch" value="x86"/>
    <property name="surefire.real.class.path" value="C:\Users\Barn\AppData\Local\Temp\surefirebooter5793506301492184964.jar"/>
    <property name="java.io.tmpdir" value="C:\Users\Barn\AppData\Local\Temp\"/>
    <property name="line.separator" value="
"/>
    <property name="java.vm.specification.vendor" value="Sun Microsystems Inc."/>
    <property name="user.variant" value=""/>
    <property name="os.name" value="Windows 7"/>
    <property name="sun.jnu.encoding" value="Cp1252"/>
    <property name="java.library.path" value="H:\Java\jdk1.6.0_32\jre\bin;C:\Windows\Sun\Java\bin;C:\Windows\system32;C:\Windows;C:\Program Files (x86)\NVIDIA Corporation\PhysX\Common;C:\Windows\system32;C:\Windows;C:\Windows\System32\Wbem;C:\Windows\System32\WindowsPowerShell\v1.0\;H:\TortoiseSVN\bin;H:\MATLAB\R2010a\runtime\win64;H:\MATLAB\R2010a\bin;%JAVA_HOME%\bin;H:\apache-maven-2.2.1\bin;."/>
    <property name="surefire.test.class.path" value="G:\Java\ContextModel\target\test-classes;G:\Java\ContextModel\target\classes;C:\Users\Barn\.m2\repository\org\sercho\masp\models\PropertiesModel\1.0.11\PropertiesModel-1.0.11.jar;C:\Users\Barn\.m2\repository\org\sercho\masp\models\ModelUtilities\1.1.8\ModelUtilities-1.1.8.jar;C:\Users\Barn\.m2\repository\org\eclipse\emf\xmi\2.5.0.v200906151043\xmi-2.5.0.v200906151043.jar;C:\Users\Barn\.m2\repository\org\eclipse\emf\common\2.5.0.v200906151043\common-2.5.0.v200906151043.jar;C:\Users\Barn\.m2\repository\org\eclipse\emf\ecore\2.5.0.v200906151043\ecore-2.5.0.v200906151043.jar;C:\Users\Barn\.m2\repository\junit\junit\4.8.1\junit-4.8.1.jar;C:\Users\Barn\.m2\repository\log4j\log4j\1.2.14\log4j-1.2.14.jar;C:\Users\Barn\.m2\repository\commons-logging\commons-logging\1.1.1\commons-logging-1.1.1.jar;C:\Users\Barn\.m2\repository\org\sercho\masp\utilities\MethodUtility\1.0\MethodUtility-1.0.jar;C:\Users\Barn\.m2\repository\org\sercho\masp\utilities\FieldUtil\1.0\FieldUtil-1.0.jar;C:\Users\Barn\.m2\repository\net\jcip\annotations\1.0\annotations-1.0.jar;C:\Users\Barn\.m2\repository\org\sercho\masp\models\MetaMetaModel\1.0.18\MetaMetaModel-1.0.18.jar;C:\Users\Barn\.m2\repository\org\sercho\masp\models\OSGiUtil\1.0.3\OSGiUtil-1.0.3.jar;C:\Users\Barn\.m2\repository\org\osgi\osgi_R4_core\1.0\osgi_R4_core-1.0.jar;C:\Users\Barn\.m2\repository\org\sercho\masp\models\UIModel\1.1\UIModel-1.1.jar;C:\Users\Barn\.m2\repository\commons-jxpath\commons-jxpath\1.3\commons-jxpath-1.3.jar;C:\Users\Barn\.m2\repository\org\sercho\masp\utilities\Communication\1.1.5\Communication-1.1.5.jar;C:\Users\Barn\.m2\repository\org\sercho\masp\utilities\Stopwatch\1.0\Stopwatch-1.0.jar;C:\Users\Barn\.m2\repository\org\sercho\masp\utilities\Patterns\1.0.3\Patterns-1.0.3.jar;C:\Users\Barn\.m2\repository\org\sercho\masp\utilities\ReflectiveTest\1.1\ReflectiveTest-1.1.jar;C:\Users\Barn\.m2\repository\org\sercho\masp\utilities\GetterSetterFinder\1.1.1\GetterSetterFinder-1.1.1.jar;C:\Users\Barn\.m2\repository\org\sercho\masp\MASP-APIs\1.1.3\MASP-APIs-1.1.3.jar;C:\Users\Barn\.m2\repository\org\sercho\masp\models\MegaModel\1.2.3\MegaModel-1.2.3.jar;C:\Users\Barn\.m2\repository\org\json\json\20090211\json-20090211.jar;C:\Users\Barn\.m2\repository\org\sercho\masp\models\MetaEditor\1.3.3\MetaEditor-1.3.3.jar;C:\Users\Barn\.m2\repository\org\sercho\masp\models\ModelUtilities\1.1.8\ModelUtilities-1.1.8-tests.jar;C:\Users\Barn\.m2\repository\ca\ecliptical\emf\xpath\2.0.5\xpath-2.0.5.jar;C:\Users\Barn\.m2\repository\jaxen\jaxen\1.1\jaxen-1.1.jar;C:\Users\Barn\.m2\repository\dom4j\dom4j\1.6.1\dom4j-1.6.1.jar;C:\Users\Barn\.m2\repository\jdom\jdom\1.0\jdom-1.0.jar;C:\Users\Barn\.m2\repository\xml-apis\xml-apis\1.3.02\xml-apis-1.3.02.jar;C:\Users\Barn\.m2\repository\xerces\xercesImpl\2.6.2\xercesImpl-2.6.2.jar;C:\Users\Barn\.m2\repository\xom\xom\1.0\xom-1.0.jar;C:\Users\Barn\.m2\repository\xerces\xmlParserAPIs\2.6.2\xmlParserAPIs-2.6.2.jar;C:\Users\Barn\.m2\repository\xalan\xalan\2.6.0\xalan-2.6.0.jar;C:\Users\Barn\.m2\repository\com\ibm\icu\icu4j\4.8.1.1\icu4j-4.8.1.1.jar;C:\Users\Barn\.m2\repository\org\sercho\masp\space\SimpleSpaceCore\2.6.4\SimpleSpaceCore-2.6.4.jar;C:\Users\Barn\.m2\repository\org\sercho\masp\utilities\CSV\1.1-beta\CSV-1.1-beta.jar;C:\Users\Barn\.m2\repository\org\sercho\masp\utilities\TimeStringConverter\1.0-alpha\TimeStringConverter-1.0-alpha.jar;"/>
    <property name="java.specification.name" value="Java Platform API Specification"/>
    <property name="java.class.version" value="50.0"/>
    <property name="sun.management.compiler" value="HotSpot Client Compiler"/>
    <property name="os.version" value="6.1"/>
    <property name="user.home" value="C:\Users\Barn"/>
    <property name="user.timezone" value="Europe/Berlin"/>
    <property name="java.awt.printerjob" value="sun.awt.windows.WPrinterJob"/>
    <property name="java.specification.version" value="1.6"/>
    <property name="file.encoding" value="Cp1252"/>
    <property name="user.name" value="Barn"/>
    <property name="java.class.path" value="G:\Java\ContextModel\target\test-classes;G:\Java\ContextModel\target\classes;C:\Users\Barn\.m2\repository\org\sercho\masp\models\PropertiesModel\1.0.11\PropertiesModel-1.0.11.jar;C:\Users\Barn\.m2\repository\org\sercho\masp\models\ModelUtilities\1.1.8\ModelUtilities-1.1.8.jar;C:\Users\Barn\.m2\repository\org\eclipse\emf\xmi\2.5.0.v200906151043\xmi-2.5.0.v200906151043.jar;C:\Users\Barn\.m2\repository\org\eclipse\emf\common\2.5.0.v200906151043\common-2.5.0.v200906151043.jar;C:\Users\Barn\.m2\repository\org\eclipse\emf\ecore\2.5.0.v200906151043\ecore-2.5.0.v200906151043.jar;C:\Users\Barn\.m2\repository\junit\junit\4.8.1\junit-4.8.1.jar;C:\Users\Barn\.m2\repository\log4j\log4j\1.2.14\log4j-1.2.14.jar;C:\Users\Barn\.m2\repository\commons-logging\commons-logging\1.1.1\commons-logging-1.1.1.jar;C:\Users\Barn\.m2\repository\org\sercho\masp\utilities\MethodUtility\1.0\MethodUtility-1.0.jar;C:\Users\Barn\.m2\repository\org\sercho\masp\utilities\FieldUtil\1.0\FieldUtil-1.0.jar;C:\Users\Barn\.m2\repository\net\jcip\annotations\1.0\annotations-1.0.jar;C:\Users\Barn\.m2\repository\org\sercho\masp\models\MetaMetaModel\1.0.18\MetaMetaModel-1.0.18.jar;C:\Users\Barn\.m2\repository\org\sercho\masp\models\OSGiUtil\1.0.3\OSGiUtil-1.0.3.jar;C:\Users\Barn\.m2\repository\org\osgi\osgi_R4_core\1.0\osgi_R4_core-1.0.jar;C:\Users\Barn\.m2\repository\org\sercho\masp\models\UIModel\1.1\UIModel-1.1.jar;C:\Users\Barn\.m2\repository\commons-jxpath\commons-jxpath\1.3\commons-jxpath-1.3.jar;C:\Users\Barn\.m2\repository\org\sercho\masp\utilities\Communication\1.1.5\Communication-1.1.5.jar;C:\Users\Barn\.m2\repository\org\sercho\masp\utilities\Stopwatch\1.0\Stopwatch-1.0.jar;C:\Users\Barn\.m2\repository\org\sercho\masp\utilities\Patterns\1.0.3\Patterns-1.0.3.jar;C:\Users\Barn\.m2\repository\org\sercho\masp\utilities\ReflectiveTest\1.1\ReflectiveTest-1.1.jar;C:\Users\Barn\.m2\repository\org\sercho\masp\utilities\GetterSetterFinder\1.1.1\GetterSetterFinder-1.1.1.jar;C:\Users\Barn\.m2\repository\org\sercho\masp\MASP-APIs\1.1.3\MASP-APIs-1.1.3.jar;C:\Users\Barn\.m2\repository\org\sercho\masp\models\MegaModel\1.2.3\MegaModel-1.2.3.jar;C:\Users\Barn\.m2\repository\org\json\json\20090211\json-20090211.jar;C:\Users\Barn\.m2\repository\org\sercho\masp\models\MetaEditor\1.3.3\MetaEditor-1.3.3.jar;C:\Users\Barn\.m2\repository\org\sercho\masp\models\ModelUtilities\1.1.8\ModelUtilities-1.1.8-tests.jar;C:\Users\Barn\.m2\repository\ca\ecliptical\emf\xpath\2.0.5\xpath-2.0.5.jar;C:\Users\Barn\.m2\repository\jaxen\jaxen\1.1\jaxen-1.1.jar;C:\Users\Barn\.m2\repository\dom4j\dom4j\1.6.1\dom4j-1.6.1.jar;C:\Users\Barn\.m2\repository\jdom\jdom\1.0\jdom-1.0.jar;C:\Users\Barn\.m2\repository\xml-apis\xml-apis\1.3.02\xml-apis-1.3.02.jar;C:\Users\Barn\.m2\repository\xerces\xercesImpl\2.6.2\xercesImpl-2.6.2.jar;C:\Users\Barn\.m2\repository\xom\xom\1.0\xom-1.0.jar;C:\Users\Barn\.m2\repository\xerces\xmlParserAPIs\2.6.2\xmlParserAPIs-2.6.2.jar;C:\Users\Barn\.m2\repository\xalan\xalan\2.6.0\xalan-2.6.0.jar;C:\Users\Barn\.m2\repository\com\ibm\icu\icu4j\4.8.1.1\icu4j-4.8.1.1.jar;C:\Users\Barn\.m2\repository\org\sercho\masp\space\SimpleSpaceCore\2.6.4\SimpleSpaceCore-2.6.4.jar;C:\Users\Barn\.m2\repository\org\sercho\masp\utilities\CSV\1.1-beta\CSV-1.1-beta.jar;C:\Users\Barn\.m2\repository\org\sercho\masp\utilities\TimeStringConverter\1.0-alpha\TimeStringConverter-1.0-alpha.jar;"/>
    <property name="java.vm.specification.version" value="1.0"/>
    <property name="sun.arch.data.model" value="32"/>
    <property name="java.home" value="H:\Java\jdk1.6.0_32\jre"/>
    <property name="sun.java.command" value="C:\Users\Barn\AppData\Local\Temp\surefirebooter5793506301492184964.jar C:\Users\Barn\AppData\Local\Temp\surefire3910518942929641994tmp C:\Users\Barn\AppData\Local\Temp\surefire7128220418405996467tmp"/>
    <property name="java.specification.vendor" value="Sun Microsystems Inc."/>
    <property name="user.language" value="de"/>
    <property name="awt.toolkit" value="sun.awt.windows.WToolkit"/>
    <property name="java.vm.info" value="mixed mode, sharing"/>
    <property name="java.version" value="1.6.0_32"/>
    <property name="java.ext.dirs" value="H:\Java\jdk1.6.0_32\jre\lib\ext;C:\Windows\Sun\Java\lib\ext"/>
    <property name="sun.boot.class.path" value="H:\Java\jdk1.6.0_32\jre\lib\resources.jar;H:\Java\jdk1.6.0_32\jre\lib\rt.jar;H:\Java\jdk1.6.0_32\jre\lib\sunrsasign.jar;H:\Java\jdk1.6.0_32\jre\lib\jsse.jar;H:\Java\jdk1.6.0_32\jre\lib\jce.jar;H:\Java\jdk1.6.0_32\jre\lib\charsets.jar;H:\Java\jdk1.6.0_32\jre\lib\modules\jdk.boot.jar;H:\Java\jdk1.6.0_32\jre\classes"/>
    <property name="java.vendor" value="Sun Microsystems Inc."/>
    <property name="localRepository" value="C:\Users\Barn\.m2\repository"/>
    <property name="file.separator" value="\"/>
    <property name="java.vendor.url.bug" value="http://java.sun.com/cgi-bin/bugreport.cgi"/>
    <property name="sun.cpu.endian" value="little"/>
    <property name="sun.io.unicode.encoding" value="UnicodeLittle"/>
    <property name="sun.desktop" value="windows"/>
    <property name="sun.cpu.isalist" value="pentium_pro+mmx pentium_pro pentium+mmx pentium i486 i386 i86"/>
  </properties>
  <testcase time="0" classname="org.sercho.masp.context.providers.location.VectorTest" name="testAdd"/>
  <testcase time="0" classname="org.sercho.masp.context.providers.location.VectorTest" name="testCopy"/>
  <testcase time="0" classname="org.sercho.masp.context.providers.location.VectorTest" name="testLength"/>
</testsuite>